[0906/113757.829:ERROR:http_transport_win.cc(276)] WinHttpSendRequest: The operation completed successfully. (0x0)
[0906/202831.341:ERROR:http_transport_win.cc(276)] WinHttpSendRequest: The operation completed successfully. (0x0)
[0907/075535.203:ERROR:process_memory_win.cc(73)] ReadMemory at 0x176dd60d000 of 72 bytes failed: Only part of a ReadProcessMemory or WriteProcessMemory request was completed. (0x12B)
[0907/075535.645:WARNING:pe_image_annotations_reader.cc(134)] could not read annotations list object in C:\Program Files (x86)\Google\Chrome\Application\76.0.3809.100\chrome_elf.dll
[0907/075535.719:ERROR:process_memory_win.cc(73)] ReadMemory at 0x176dda31750 of 72 bytes failed: Only part of a ReadProcessMemory or WriteProcessMemory request was completed. (0x12B)
[0907/075535.720:WARNING:pe_image_annotations_reader.cc(134)] could not read annotations list object in C:\Program Files (x86)\Google\Chrome\Application\76.0.3809.100\chrome_child.dll
[0907/075535.722:ERROR:process_memory_win.cc(73)] ReadMemory at 0x176dd3b0000 of 64 bytes failed: Only part of a ReadProcessMemory or WriteProcessMemory request was completed. (0x12B)
[0907/075535.722:WARNING:pe_image_reader.cc(340)] could not read dos header from C:\WINDOWS\System32\NSI.dll
[0907/075535.723:ERROR:process_memory_win.cc(73)] ReadMemory at 0x176dd60d000 of 72 bytes failed: Only part of a ReadProcessMemory or WriteProcessMemory request was completed. (0x12B)
[0907/075535.724:WARNING:pe_image_annotations_reader.cc(134)] could not read annotations list object in C:\Program Files (x86)\Google\Chrome\Application\76.0.3809.100\chrome_elf.dll
[0907/075535.724:ERROR:process_memory_win.cc(73)] ReadMemory at 0x176dda31750 of 72 bytes failed: Only part of a ReadProcessMemory or WriteProcessMemory request was completed. (0x12B)
[0907/075535.725:WARNING:pe_image_annotations_reader.cc(134)] could not read annotations list object in C:\Program Files (x86)\Google\Chrome\Application\76.0.3809.100\chrome_child.dll
[0907/075535.727:ERROR:process_memory_win.cc(73)] ReadMemory at 0x176dd3b0000 of 64 bytes failed: Only part of a ReadProcessMemory or WriteProcessMemory request was completed. (0x12B)
[0907/075535.727:WARNING:pe_image_reader.cc(340)] could not read dos header from C:\WINDOWS\System32\NSI.dll
[0907/075536.158:ERROR:process_memory_win.cc(73)] ReadMemory at 0x32911f8000 of 32768 bytes failed: Only part of a ReadProcessMemory or WriteProcessMemory request was completed. (0x12B)
[0907/075536.158:ERROR:process_memory_win.cc(73)] ReadMemory at 0x32913fd000 of 12288 bytes failed: Only part of a ReadProcessMemory or WriteProcessMemory request was completed. (0x12B)
[0907/075536.159:ERROR:process_memory_win.cc(73)] ReadMemory at 0x32915f5000 of 45056 bytes failed: Only part of a ReadProcessMemory or WriteProcessMemory request was completed. (0x12B)
[0907/075536.159:ERROR:process_memory_win.cc(73)] ReadMemory at 0x32917fc000 of 16384 bytes failed: Only part of a ReadProcessMemory or WriteProcessMemory request was completed. (0x12B)
[0907/075536.159:ERROR:process_memory_win.cc(73)] ReadMemory at 0x32919fc000 of 16384 bytes failed: Only part of a ReadProcessMemory or WriteProcessMemory request was completed. (0x12B)
[0907/075536.159:ERROR:process_memory_win.cc(73)] ReadMemory at 0x3291bff000 of 4096 bytes failed: Only part of a ReadProcessMemory or WriteProcessMemory request was completed. (0x12B)
[0907/075536.160:ERROR:process_memory_win.cc(73)] ReadMemory at 0x3291dfd000 of 12288 bytes failed: Only part of a ReadProcessMemory or WriteProcessMemory request was completed. (0x12B)
[0907/075536.160:ERROR:process_memory_win.cc(73)] ReadMemory at 0x3291ffb000 of 20480 bytes failed: Only part of a ReadProcessMemory or WriteProcessMemory request was completed. (0x12B)
[0907/075536.160:ERROR:process_memory_win.cc(73)] ReadMemory at 0x32921fd000 of 12288 bytes failed: Only part of a ReadProcessMemory or WriteProcessMemory request was completed. (0x12B)
[0907/075536.160:ERROR:process_memory_win.cc(73)] ReadMemory at 0x32923fd000 of 12288 bytes failed: Only part of a ReadProcessMemory or WriteProcessMemory request was completed. (0x12B)
[0907/075536.179:ERROR:process_memory_win.cc(73)] ReadMemory at 0x32925fd000 of 12288 bytes failed: Only part of a ReadProcessMemory or WriteProcessMemory request was completed. (0x12B)
[0907/075536.179:ERROR:process_memory_win.cc(73)] ReadMemory at 0x32927fc000 of 16384 bytes failed: Only part of a ReadProcessMemory or WriteProcessMemory request was completed. (0x12B)
[0907/075536.180:ERROR:process_memory_win.cc(73)] ReadMemory at 0x32929fd000 of 12288 bytes failed: Only part of a ReadProcessMemory or WriteProcessMemory request was completed. (0x12B)
[0907/075536.180:ERROR:process_memory_win.cc(73)] ReadMemory at 0x3292bfe000 of 8192 bytes failed: Only part of a ReadProcessMemory or WriteProcessMemory request was completed. (0x12B)
[0907/075536.180:ERROR:process_memory_win.cc(73)] ReadMemory at 0x3290e6c000 of 852 bytes failed: Only part of a ReadProcessMemory or WriteProcessMemory request was completed. (0x12B)
[0907/075536.180:ERROR:process_memory_win.cc(73)] ReadMemory at 0x3290e6d000 of 6024 bytes failed: Only part of a ReadProcessMemory or WriteProcessMemory request was completed. (0x12B)
[0907/075536.180:ERROR:process_memory_win.cc(73)] ReadMemory at 0x3290e6f000 of 6024 bytes failed: Only part of a ReadProcessMemory or WriteProcessMemory request was completed. (0x12B)
[0907/075536.180:ERROR:process_memory_win.cc(73)] ReadMemory at 0x3290e71000 of 6024 bytes failed: Only part of a ReadProcessMemory or WriteProcessMemory request was completed. (0x12B)
[0907/075536.180:ERROR:process_memory_win.cc(73)] ReadMemory at 0x3290e73000 of 6024 bytes failed: Only part of a ReadProcessMemory or WriteProcessMemory request was completed. (0x12B)
[0907/075536.180:ERROR:process_memory_win.cc(73)] ReadMemory at 0x3290e75000 of 6024 bytes failed: Only part of a ReadProcessMemory or WriteProcessMemory request was completed. (0x12B)
[0907/075536.181:ERROR:process_memory_win.cc(73)] ReadMemory at 0x3290e77000 of 6024 bytes failed: Only part of a ReadProcessMemory or WriteProcessMemory request was completed. (0x12B)
[0907/075536.181:ERROR:process_memory_win.cc(73)] ReadMemory at 0x3290e79000 of 6024 bytes failed: Only part of a ReadProcessMemory or WriteProcessMemory request was completed. (0x12B)
[0907/075536.181:ERROR:process_memory_win.cc(73)] ReadMemory at 0x3290e7b000 of 6024 bytes failed: Only part of a ReadProcessMemory or WriteProcessMemory request was completed. (0x12B)
[0907/075536.181:ERROR:process_memory_win.cc(73)] ReadMemory at 0x3290e7d000 of 6024 bytes failed: Only part of a ReadProcessMemory or WriteProcessMemory request was completed. (0x12B)
[0907/075536.181:ERROR:process_memory_win.cc(73)] ReadMemory at 0x3290e7f000 of 6024 bytes failed: Only part of a ReadProcessMemory or WriteProcessMemory request was completed. (0x12B)
[0907/075536.181:ERROR:process_memory_win.cc(73)] ReadMemory at 0x3290e81000 of 6024 bytes failed: Only part of a ReadProcessMemory or WriteProcessMemory request was completed. (0x12B)
[0907/075536.181:ERROR:process_memory_win.cc(73)] ReadMemory at 0x3290e85000 of 6024 bytes failed: Only part of a ReadProcessMemory or WriteProcessMemory request was completed. (0x12B)
[0907/075536.181:ERROR:process_memory_win.cc(73)] ReadMemory at 0x3290e87000 of 6024 bytes failed: Only part of a ReadProcessMemory or WriteProcessMemory request was completed. (0x12B)
[0907/075536.182:ERROR:process_memory_win.cc(73)] ReadMemory at 0x3290e89000 of 6024 bytes failed: Only part of a ReadProcessMemory or WriteProcessMemory request was completed. (0x12B)
[0907/075536.182:ERROR:process_memory_win.cc(73)] ReadMemory at 0x176dd3c0fe0 of 19514 bytes failed: Only part of a ReadProcessMemory or WriteProcessMemory request was completed. (0x12B)
[0907/075536.244:ERROR:process_memory_win.cc(73)] ReadMemory at 0x176dd3c5c30 of 1012 bytes failed: Only part of a ReadProcessMemory or WriteProcessMemory request was completed. (0x12B)
[0907/075536.244:ERROR:process_memory_win.cc(73)] ReadMemory at 0x176dd3c6258 of 118 bytes failed: Only part of a ReadProcessMemory or WriteProcessMemory request was completed. (0x12B)
[0907/075536.245:ERROR:process_memory_win.cc(73)] ReadMemory at 0x176dd3c62d0 of 854 bytes failed: Only part of a ReadProcessMemory or WriteProcessMemory request was completed. (0x12B)
[0907/075536.245:ERROR:process_memory_win.cc(73)] ReadMemory at 0x176dd3c6628 of 118 bytes failed: Only part of a ReadProcessMemory or WriteProcessMemory request was completed. (0x12B)
[0907/075536.309:ERROR:process_memory_win.cc(73)] ReadMemory at 0x176dd3c66a0 of 98 bytes failed: Only part of a ReadProcessMemory or WriteProcessMemory request was completed. (0x12B)
[0907/075536.310:ERROR:process_memory_win.cc(73)] ReadMemory at 0x176dd3c6710 of 58 bytes failed: Only part of a ReadProcessMemory or WriteProcessMemory request was completed. (0x12B)
[0907/075536.480:ERROR:process_memory_win.cc(73)] ReadMemory at 0x176dd3c6810 of 132 bytes failed: Only part of a ReadProcessMemory or WriteProcessMemory request was completed. (0x12B)
[0907/075536.481:ERROR:process_memory_win.cc(73)] ReadMemory at 0x176dd3c69a0 of 132 bytes failed: Only part of a ReadProcessMemory or WriteProcessMemory request was completed. (0x12B)
[0907/075536.481:ERROR:process_memory_win.cc(73)] ReadMemory at 0x176dd3c6b60 of 126 bytes failed: Only part of a ReadProcessMemory or WriteProcessMemory request was completed. (0x12B)
[0907/075536.482:ERROR:process_memory_win.cc(73)] ReadMemory at 0x176dd3c6f40 of 132 bytes failed: Only part of a ReadProcessMemory or WriteProcessMemory request was completed. (0x12B)
[0907/075536.482:ERROR:process_memory_win.cc(73)] ReadMemory at 0x176dd3c70d0 of 64 bytes failed: Only part of a ReadProcessMemory or WriteProcessMemory request was completed. (0x12B)
[0907/075536.483:ERROR:process_memory_win.cc(73)] ReadMemory at 0x176dd3c7120 of 132 bytes failed: Only part of a ReadProcessMemory or WriteProcessMemory request was completed. (0x12B)
[0907/075536.483:ERROR:process_memory_win.cc(73)] ReadMemory at 0x176dd3c7290 of 132 bytes failed: Only part of a ReadProcessMemory or WriteProcessMemory request was completed. (0x12B)
[0907/075536.484:ERROR:process_memory_win.cc(73)] ReadMemory at 0x176dd3c7530 of 132 bytes failed: Only part of a ReadProcessMemory or WriteProcessMemory request was completed. (0x12B)
[0907/075536.484:ERROR:process_memory_win.cc(73)] ReadMemory at 0x176dd3c76c0 of 68 bytes failed: Only part of a ReadProcessMemory or WriteProcessMemory request was completed. (0x12B)
[0907/075536.508:ERROR:process_memory_win.cc(73)] ReadMemory at 0x176dd3c86b0 of 132 bytes failed: Only part of a ReadProcessMemory or WriteProcessMemory request was completed. (0x12B)
[0907/075536.508:ERROR:process_memory_win.cc(73)] ReadMemory at 0x176dd3c8840 of 154 bytes failed: Only part of a ReadProcessMemory or WriteProcessMemory request was completed. (0x12B)
[0907/075536.508:ERROR:process_memory_win.cc(73)] ReadMemory at 0x176dd3c94f0 of 132 bytes failed: Only part of a ReadProcessMemory or WriteProcessMemory request was completed. (0x12B)
[0907/075536.509:ERROR:process_memory_win.cc(73)] ReadMemory at 0x176dd3c9650 of 62 bytes failed: Only part of a ReadProcessMemory or WriteProcessMemory request was completed. (0x12B)
[0907/075536.588:ERROR:process_memory_win.cc(73)] ReadMemory at 0x176dd3c96d0 of 158 bytes failed: Only part of a ReadProcessMemory or WriteProcessMemory request was completed. (0x12B)
[0907/075536.588:ERROR:process_memory_win.cc(73)] ReadMemory at 0x176dd3c97b0 of 132 bytes failed: Only part of a ReadProcessMemory or WriteProcessMemory request was completed. (0x12B)
[0907/075536.589:ERROR:process_memory_win.cc(73)] ReadMemory at 0x176dd3c9940 of 60 bytes failed: Only part of a ReadProcessMemory or WriteProcessMemory request was completed. (0x12B)
[0907/075536.590:ERROR:process_memory_win.cc(73)] ReadMemory at 0x176dd3cb420 of 132 bytes failed: Only part of a ReadProcessMemory or WriteProcessMemory request was completed. (0x12B)
[0907/075536.638:ERROR:process_memory_win.cc(73)] ReadMemory at 0x176dd3cb700 of 132 bytes failed: Only part of a ReadProcessMemory or WriteProcessMemory request was completed. (0x12B)
[0907/075536.639:ERROR:process_memory_win.cc(73)] ReadMemory at 0x176dd3cbab0 of 132 bytes failed: Only part of a ReadProcessMemory or WriteProcessMemory request was completed. (0x12B)
[0907/075536.683:ERROR:process_memory_win.cc(73)] ReadMemory at 0x176dd3ce260 of 132 bytes failed: Only part of a ReadProcessMemory or WriteProcessMemory request was completed. (0x12B)
[0907/075536.755:ERROR:process_memory_win.cc(73)] ReadMemory at 0x176dd3ce3f0 of 80 bytes failed: Only part of a ReadProcessMemory or WriteProcessMemory request was completed. (0x12B)
[0907/075536.755:ERROR:process_memory_win.cc(73)] ReadMemory at 0x176dd3ce680 of 62 bytes failed: Only part of a ReadProcessMemory or WriteProcessMemory request was completed. (0x12B)
[0907/075536.755:ERROR:process_memory_win.cc(73)] ReadMemory at 0x176dd3ce720 of 58 bytes failed: Only part of a ReadProcessMemory or WriteProcessMemory request was completed. (0x12B)
[0907/075536.789:ERROR:process_memory_win.cc(73)] ReadMemory at 0x176dd3ce860 of 62 bytes failed: Only part of a ReadProcessMemory or WriteProcessMemory request was completed. (0x12B)
[0907/075536.790:ERROR:process_memory_win.cc(73)] ReadMemory at 0x176dd3ce8b0 of 64 bytes failed: Only part of a ReadProcessMemory or WriteProcessMemory request was completed. (0x12B)
[0907/075536.790:ERROR:process_memory_win.cc(73)] ReadMemory at 0x176dd3cea40 of 64 bytes failed: Only part of a ReadProcessMemory or WriteProcessMemory request was completed. (0x12B)
[0907/075536.907:ERROR:process_memory_win.cc(73)] ReadMemory at 0x176dd3ceae0 of 64 bytes failed: Only part of a ReadProcessMemory or WriteProcessMemory request was completed. (0x12B)
[0907/075536.943:ERROR:process_memory_win.cc(73)] ReadMemory at 0x176dd3ceb30 of 66 bytes failed: Only part of a ReadProcessMemory or WriteProcessMemory request was completed. (0x12B)
[0907/075536.943:ERROR:process_memory_win.cc(73)] ReadMemory at 0x176dd3ceb80 of 60 bytes failed: Only part of a ReadProcessMemory or WriteProcessMemory request was completed. (0x12B)
[0907/075536.944:ERROR:process_memory_win.cc(73)] ReadMemory at 0x176dd3cec20 of 60 bytes failed: Only part of a ReadProcessMemory or WriteProcessMemory request was completed. (0x12B)
[0907/075536.944:ERROR:process_memory_win.cc(73)] ReadMemory at 0x176dd3cf390 of 132 bytes failed: Only part of a ReadProcessMemory or WriteProcessMemory request was completed. (0x12B)
[0907/075536.945:ERROR:process_memory_win.cc(73)] ReadMemory at 0x176dd3cf4c0 of 132 bytes failed: Only part of a ReadProcessMemory or WriteProcessMemory request was completed. (0x12B)
[0907/075536.945:ERROR:process_memory_win.cc(73)] ReadMemory at 0x176dd3cf5f0 of 132 bytes failed: Only part of a ReadProcessMemory or WriteProcessMemory request was completed. (0x12B)
[0907/075536.945:ERROR:process_memory_win.cc(73)] ReadMemory at 0x176dd3cf850 of 132 bytes failed: Only part of a ReadProcessMemory or WriteProcessMemory request was completed. (0x12B)
[0907/075536.945:ERROR:process_memory_win.cc(73)] ReadMemory at 0x176dd3cf980 of 132 bytes failed: Only part of a ReadProcessMemory or WriteProcessMemory request was completed. (0x12B)
[0907/075536.946:ERROR:process_memory_win.cc(73)] ReadMemory at 0x176dd3cfab0 of 132 bytes failed: Only part of a ReadProcessMemory or WriteProcessMemory request was completed. (0x12B)
[0907/075536.946:ERROR:process_memory_win.cc(73)] ReadMemory at 0x176dd3cfbe0 of 132 bytes failed: Only part of a ReadProcessMemory or WriteProcessMemory request was completed. (0x12B)
[0907/075536.946:ERROR:process_memory_win.cc(73)] ReadMemory at 0x176dd3cfd10 of 132 bytes failed: Only part of a ReadProcessMemory or WriteProcessMemory request was completed. (0x12B)
[0907/075536.947:ERROR:process_memory_win.cc(73)] ReadMemory at 0x176dd3cfe40 of 132 bytes failed: Only part of a ReadProcessMemory or WriteProcessMemory request was completed. (0x12B)
[0907/075536.947:ERROR:process_memory_win.cc(73)] ReadMemory at 0x176dd3cff70 of 132 bytes failed: Only part of a ReadProcessMemory or WriteProcessMemory request was completed. (0x12B)
[0907/075536.990:ERROR:process_memory_win.cc(73)] ReadMemory at 0x176dd3d00a0 of 132 bytes failed: Only part of a ReadProcessMemory or WriteProcessMemory request was completed. (0x12B)
[0907/075536.991:ERROR:process_memory_win.cc(73)] ReadMemory at 0x176dd3d01d0 of 132 bytes failed: Only part of a ReadProcessMemory or WriteProcessMemory request was completed. (0x12B)
[0907/075536.991:ERROR:process_memory_win.cc(73)] ReadMemory at 0x176dd3d0c80 of 512 bytes failed: Only part of a ReadProcessMemory or WriteProcessMemory request was completed. (0x12B)
[0907/075536.991:ERROR:process_memory_win.cc(73)] ReadMemory at 0x176dd3d4040 of 54 bytes failed: Only part of a ReadProcessMemory or WriteProcessMemory request was completed. (0x12B)
[0907/075536.992:ERROR:process_memory_win.cc(73)] ReadMemory at 0x176dd3d4930 of 132 bytes failed: Only part of a ReadProcessMemory or WriteProcessMemory request was completed. (0x12B)
[0907/075537.032:ERROR:process_memory_win.cc(73)] ReadMemory at 0x176dd3d53b0 of 132 bytes failed: Only part of a ReadProcessMemory or WriteProcessMemory request was completed. (0x12B)
[0907/075537.033:ERROR:process_memory_win.cc(73)] ReadMemory at 0x176dd3d54e0 of 132 bytes failed: Only part of a ReadProcessMemory or WriteProcessMemory request was completed. (0x12B)
[0907/075537.033:ERROR:process_memory_win.cc(73)] ReadMemory at 0x176dd3d7a80 of 76 bytes failed: Only part of a ReadProcessMemory or WriteProcessMemory request was completed. (0x12B)
[0907/075537.034:ERROR:process_memory_win.cc(73)] ReadMemory at 0x176dd3d7e30 of 62 bytes failed: Only part of a ReadProcessMemory or WriteProcessMemory request was completed. (0x12B)
[0907/075537.034:ERROR:process_memory_win.cc(73)] ReadMemory at 0x176dd3d7fc0 of 60 bytes failed: Only part of a ReadProcessMemory or WriteProcessMemory request was completed. (0x12B)
[0907/075537.034:ERROR:process_memory_win.cc(73)] ReadMemory at 0x176dd3d8060 of 66 bytes failed: Only part of a ReadProcessMemory or WriteProcessMemory request was completed. (0x12B)
[0907/075537.035:ERROR:process_memory_win.cc(73)] ReadMemory at 0x176dd3d8100 of 62 bytes failed: Only part of a ReadProcessMemory or WriteProcessMemory request was completed. (0x12B)
[0907/075537.086:ERROR:process_memory_win.cc(73)] ReadMemory at 0x176dd3d83d0 of 62 bytes failed: Only part of a ReadProcessMemory or WriteProcessMemory request was completed. (0x12B)
[0907/075537.086:ERROR:process_memory_win.cc(73)] ReadMemory at 0x176dd3d8510 of 62 bytes failed: Only part of a ReadProcessMemory or WriteProcessMemory request was completed. (0x12B)
[0907/075537.087:ERROR:process_memory_win.cc(73)] ReadMemory at 0x176dd3d8560 of 60 bytes failed: Only part of a ReadProcessMemory or WriteProcessMemory request was completed. (0x12B)
[0907/075537.113:ERROR:process_memory_win.cc(73)] ReadMemory at 0x176dd3d85b0 of 64 bytes failed: Only part of a ReadProcessMemory or WriteProcessMemory request was completed. (0x12B)
[0907/075537.114:ERROR:process_memory_win.cc(73)] ReadMemory at 0x176dd3d8600 of 64 bytes failed: Only part of a ReadProcessMemory or WriteProcessMemory request was completed. (0x12B)
[0907/075537.114:ERROR:process_memory_win.cc(73)] ReadMemory at 0x176dd3d86a0 of 60 bytes failed: Only part of a ReadProcessMemory or WriteProcessMemory request was completed. (0x12B)
[0907/075537.115:ERROR:process_memory_win.cc(73)] ReadMemory at 0x176dd3d86f0 of 62 bytes failed: Only part of a ReadProcessMemory or WriteProcessMemory request was completed. (0x12B)
[0907/075537.164:ERROR:process_memory_win.cc(73)] ReadMemory at 0x176dd3d8830 of 62 bytes failed: Only part of a ReadProcessMemory or WriteProcessMemory request was completed. (0x12B)
[0907/075537.169:ERROR:process_memory_win.cc(73)] ReadMemory at 0x176dd3d8880 of 64 bytes failed: Only part of a ReadProcessMemory or WriteProcessMemory request was completed. (0x12B)
[0907/075537.169:ERROR:process_memory_win.cc(73)] ReadMemory at 0x176dd3d88d0 of 66 bytes failed: Only part of a ReadProcessMemory or WriteProcessMemory request was completed. (0x12B)
[0907/075537.170:ERROR:process_memory_win.cc(73)] ReadMemory at 0x176dd3d89c0 of 64 bytes failed: Only part of a ReadProcessMemory or WriteProcessMemory request was completed. (0x12B)
[0907/075537.170:ERROR:process_memory_win.cc(73)] ReadMemory at 0x176dd3d8a10 of 64 bytes failed: Only part of a ReadProcessMemory or WriteProcessMemory request was completed. (0x12B)
[0907/075537.209:ERROR:process_memory_win.cc(73)] ReadMemory at 0x176dd3d8a60 of 60 bytes failed: Only part of a ReadProcessMemory or WriteProcessMemory request was completed. (0x12B)
[0907/075537.209:ERROR:process_memory_win.cc(73)] ReadMemory at 0x176dd3d8ab0 of 60 bytes failed: Only part of a ReadProcessMemory or WriteProcessMemory request was completed. (0x12B)
[0907/075537.210:ERROR:process_memory_win.cc(73)] ReadMemory at 0x176dd3d8c90 of 58 bytes failed: Only part of a ReadProcessMemory or WriteProcessMemory request was completed. (0x12B)
[0907/075537.210:ERROR:process_memory_win.cc(73)] ReadMemory at 0x176dd3d8ce0 of 62 bytes failed: Only part of a ReadProcessMemory or WriteProcessMemory request was completed. (0x12B)
[0907/075537.211:ERROR:process_memory_win.cc(73)] ReadMemory at 0x176dd3d8d30 of 62 bytes failed: Only part of a ReadProcessMemory or WriteProcessMemory request was completed. (0x12B)
[0907/075537.211:ERROR:process_memory_win.cc(73)] ReadMemory at 0x176dd3d8d80 of 60 bytes failed: Only part of a ReadProcessMemory or WriteProcessMemory request was completed. (0x12B)
[0907/075537.211:ERROR:process_memory_win.cc(73)] ReadMemory at 0x176dd3dbd30 of 132 bytes failed: Only part of a ReadProcessMemory or WriteProcessMemory request was completed. (0x12B)
[0907/075537.211:ERROR:process_memory_win.cc(73)] ReadMemory at 0x176dd3dc0c0 of 132 bytes failed: Only part of a ReadProcessMemory or WriteProcessMemory request was completed. (0x12B)
[0907/075537.212:ERROR:process_memory_win.cc(73)] ReadMemory at 0x176dd3dc1f0 of 132 bytes failed: Only part of a ReadProcessMemory or WriteProcessMemory request was completed. (0x12B)
[0907/075537.254:ERROR:process_memory_win.cc(73)] ReadMemory at 0x176dd3dc320 of 132 bytes failed: Only part of a ReadProcessMemory or WriteProcessMemory request was completed. (0x12B)
[0907/075537.276:ERROR:process_memory_win.cc(73)] ReadMemory at 0x176dd3dc450 of 132 bytes failed: Only part of a ReadProcessMemory or WriteProcessMemory request was completed. (0x12B)
[0907/075537.300:ERROR:process_memory_win.cc(73)] ReadMemory at 0x176dd3dc580 of 132 bytes failed: Only part of a ReadProcessMemory or WriteProcessMemory request was completed. (0x12B)
[0907/075537.300:ERROR:process_memory_win.cc(73)] ReadMemory at 0x176dd3dc6b0 of 132 bytes failed: Only part of a ReadProcessMemory or WriteProcessMemory request was completed. (0x12B)
[0907/075537.301:ERROR:process_memory_win.cc(73)] ReadMemory at 0x176dd3dc7e0 of 132 bytes failed: Only part of a ReadProcessMemory or WriteProcessMemory request was completed. (0x12B)
[0907/075537.301:ERROR:process_memory_win.cc(73)] ReadMemory at 0x176dd3dc910 of 132 bytes failed: Only part of a ReadProcessMemory or WriteProcessMemory request was completed. (0x12B)
[0907/075537.301:ERROR:process_memory_win.cc(73)] ReadMemory at 0x176dd3dcca0 of 132 bytes failed: Only part of a ReadProcessMemory or WriteProcessMemory request was completed. (0x12B)
[0907/075537.302:ERROR:process_memory_win.cc(73)] ReadMemory at 0x176dd3dcdd0 of 132 bytes failed: Only part of a ReadProcessMemory or WriteProcessMemory request was completed. (0x12B)
[0907/075537.302:ERROR:process_memory_win.cc(73)] ReadMemory at 0x176dd3dd160 of 132 bytes failed: Only part of a ReadProcessMemory or WriteProcessMemory request was completed. (0x12B)
[0907/075537.302:ERROR:process_memory_win.cc(73)] ReadMemory at 0x176dd3dd290 of 132 bytes failed: Only part of a ReadProcessMemory or WriteProcessMemory request was completed. (0x12B)
[0907/075537.303:ERROR:process_memory_win.cc(73)] ReadMemory at 0x176dd3dd3c0 of 132 bytes failed: Only part of a ReadProcessMemory or WriteProcessMemory request was completed. (0x12B)
[0907/075537.303:ERROR:process_memory_win.cc(73)] ReadMemory at 0x176dd3dd4f0 of 132 bytes failed: Only part of a ReadProcessMemory or WriteProcessMemory request was completed. (0x12B)
[0907/075537.303:ERROR:process_memory_win.cc(73)] ReadMemory at 0x176dd3e09b0 of 512 bytes failed: Only part of a ReadProcessMemory or WriteProcessMemory request was completed. (0x12B)
[0907/075537.304:ERROR:process_memory_win.cc(73)] ReadMemory at 0x176dd3e8750 of 58 bytes failed: Only part of a ReadProcessMemory or WriteProcessMemory request was completed. (0x12B)
[0907/075537.304:ERROR:process_memory_win.cc(73)] ReadMemory at 0x176dd3f6880 of 512 bytes failed: Only part of a ReadProcessMemory or WriteProcessMemory request was completed. (0x12B)
[0907/075537.305:ERROR:process_memory_win.cc(73)] ReadMemory at 0x176dda59d00 of 512 bytes failed: Only part of a ReadProcessMemory or WriteProcessMemory request was completed. (0x12B)
[0907/075537.305:ERROR:process_memory_win.cc(73)] ReadMemory at 0x176dda59f40 of 512 bytes failed: Only part of a ReadProcessMemory or WriteProcessMemory request was completed. (0x12B)
[0907/075537.305:ERROR:process_memory_win.cc(73)] ReadMemory at 0x176dda75500 of 512 bytes failed: Only part of a ReadProcessMemory or WriteProcessMemory request was completed. (0x12B)
[0907/075537.335:ERROR:process_memory_win.cc(73)] ReadMemory at 0x176dda7a020 of 712 bytes failed: Only part of a ReadProcessMemory or WriteProcessMemory request was completed. (0x12B)
[0907/075537.336:ERROR:process_memory_win.cc(73)] ReadMemory at 0x176dda7c590 of 512 bytes failed: Only part of a ReadProcessMemory or WriteProcessMemory request was completed. (0x12B)
[0907/075537.336:ERROR:process_memory_win.cc(73)] ReadMemory at 0x176dda98c10 of 512 bytes failed: Only part of a ReadProcessMemory or WriteProcessMemory request was completed. (0x12B)
[0907/075537.337:ERROR:process_memory_win.cc(73)] ReadMemory at 0x176ddaa4690 of 512 bytes failed: Only part of a ReadProcessMemory or WriteProcessMemory request was completed. (0x12B)
[0907/075537.337:ERROR:process_memory_win.cc(73)] ReadMemory at 0x176ddb11dc8 of 512 bytes failed: Only part of a ReadProcessMemory or WriteProcessMemory request was completed. (0x12B)
[0907/075537.338:ERROR:process_memory_win.cc(73)] ReadMemory at 0x176ddb12ab8 of 512 bytes failed: Only part of a ReadProcessMemory or WriteProcessMemory request was completed. (0x12B)
[0907/075537.338:ERROR:process_memory_win.cc(73)] ReadMemory at 0x176ddb135f8 of 512 bytes failed: Only part of a ReadProcessMemory or WriteProcessMemory request was completed. (0x12B)
[0907/075537.339:ERROR:process_memory_win.cc(73)] ReadMemory at 0x176df7a51d0 of 512 bytes failed: Only part of a ReadProcessMemory or WriteProcessMemory request was completed. (0x12B)
[0907/075537.339:ERROR:process_memory_win.cc(73)] ReadMemory at 0x176df8a21d0 of 512 bytes failed: Only part of a ReadProcessMemory or WriteProcessMemory request was completed. (0x12B)
[0907/075537.339:ERROR:process_memory_win.cc(73)] ReadMemory at 0x176e07a9000 of 400 bytes failed: Only part of a ReadProcessMemory or WriteProcessMemory request was completed. (0x12B)
[0907/075537.340:ERROR:process_memory_win.cc(73)] ReadMemory at 0x176e07aa0f8 of 512 bytes failed: Only part of a ReadProcessMemory or WriteProcessMemory request was completed. (0x12B)
[0907/075537.340:ERROR:process_memory_win.cc(73)] ReadMemory at 0x176e0af9198 of 512 bytes failed: Only part of a ReadProcessMemory or WriteProcessMemory request was completed. (0x12B)
[0907/075537.341:ERROR:process_memory_win.cc(73)] ReadMemory at 0x176e27dd000 of 416 bytes failed: Only part of a ReadProcessMemory or WriteProcessMemory request was completed. (0x12B)
[0907/075537.341:ERROR:process_memory_win.cc(73)] ReadMemory at 0x1634f0c1bf80 of 512 bytes failed: Only part of a ReadProcessMemory or WriteProcessMemory request was completed. (0x12B)
[0907/075537.341:ERROR:process_memory_win.cc(73)] ReadMemory at 0x1634f0ca4940 of 512 bytes failed: Only part of a ReadProcessMemory or WriteProcessMemory request was completed. (0x12B)
[0907/075537.342:ERROR:process_memory_win.cc(73)] ReadMemory at 0x1634f0d24b48 of 512 bytes failed: Only part of a ReadProcessMemory or WriteProcessMemory request was completed. (0x12B)
[0907/075537.343:ERROR:process_memory_win.cc(73)] ReadMemory at 0x20053890a628 of 512 bytes failed: Only part of a ReadProcessMemory or WriteProcessMemory request was completed. (0x12B)
[0907/075537.343:ERROR:process_memory_win.cc(73)] ReadMemory at 0x269418e4cb70 of 512 bytes failed: Only part of a ReadProcessMemory or WriteProcessMemory request was completed. (0x12B)
[0907/075537.539:ERROR:scoped_process_suspend.cc(40)] NtResumeProcess: An attempt was made to access an exiting process. (0xc000010a)
[0907/075540.790:ERROR:http_transport_win.cc(276)] WinHttpSendRequest: The operation completed successfully. (0x0)

